<?xml version="1.0" encoding="UTF-8"?>
<testsuite name="video_processing.ffmpeg.testing.ExampleUnitTest" tests="1" skipped="0" failures="0" errors="0" timestamp="2016-07-12T10:46:33" hostname="Ilja" time="0.002">
  <properties/>
  <testcase name="addition_isCorrect" classname="video_processing.ffmpeg.testing.ExampleUnitTest" time="0.002"/>
  <system-out><![CDATA[]]></system-out>
  <system-err><![CDATA[]]></system-err>
</testsuite>
